#
# There is insufficient memory for the Java Runtime Environment to continue.
# Native memory allocation (mmap) failed to map 268435456 bytes for Failed to commit area from 0x0000000701e00000 to 0x0000000711e00000 of length 268435456.
# Possible reasons:
#   The system is out of physical RAM or swap space
#   The process is running with CompressedOops enabled, and the Java Heap may be blocking the growth of the native heap
# Possible solutions:
#   Reduce memory load on the system
#   Increase physical memory or swap space
#   Check if swap backing store is full
#   Decrease Java heap size (-Xmx/-Xms)
#   Decrease number of Java threads
#   Decrease Java thread stack sizes (-Xss)
#   Set larger code cache with -XX:ReservedCodeCacheSize=
# This output file may be truncated or incomplete.
#
#  Out of Memory Error (c:/cygwin64/tmp/openjdk-jdk12u-windows-x64-hotspot/workspace/build/src/src/hotspot/os/windows/os_windows.cpp:3254), pid=9904, tid=11248
#
# JRE version:  (12.0.1+12) (build )
# Java VM: OpenJDK 64-Bit Server VM (12.0.1+12, mixed mode, aot, sharing, tiered, compressed oops, g1 gc, windows-amd64)
# No core dump will be written. Minidumps are not enabled by default on client versions of Windows
#

---------------  S U M M A R Y ------------

Command Line: -Dfile.encoding=UTF-8 PruebasMergeArrayList

Host: Intel(R) Core(TM) i5-7500 CPU @ 3.40GHz, 4 cores, 15G,  Windows 10 , 64 bit Build 17134 (10.0.17134.753)
Time: Tue Dec 17 12:39:30 2019 Hora estándar de Marruecos elapsed time: 0 seconds (0d 0h 0m 0s)

---------------  T H R E A D  ---------------

Current thread (0x0000029a05de8000):  JavaThread "Unknown thread" [_thread_in_vm, id=11248, stack(0x000000c640f00000,0x000000c641000000)]

Stack: [0x000000c640f00000,0x000000c641000000]
Native frames: (J=compiled Java code, j=interpreted, Vv=VM code, C=native code)
V  [jvm.dll+0x5f5eea]
V  [jvm.dll+0x7a113f]
V  [jvm.dll+0x7a28b0]
V  [jvm.dll+0x7a2f13]
V  [jvm.dll+0x249ac8]
V  [jvm.dll+0x5f353a]
V  [jvm.dll+0x5e85d5]
V  [jvm.dll+0x30275c]
V  [jvm.dll+0x302592]
V  [jvm.dll+0x3076d6]
V  [jvm.dll+0x34c7b6]
V  [jvm.dll+0x34bfa0]
V  [jvm.dll+0x2de65a]
V  [jvm.dll+0x2df8e2]
V  [jvm.dll+0x77a257]
V  [jvm.dll+0x77b975]
V  [jvm.dll+0x35a599]
V  [jvm.dll+0x75ec83]
V  [jvm.dll+0x3c43ef]
V  [jvm.dll+0x3c6ac1]
C  [jli.dll+0x51fb]
C  [ucrtbase.dll+0x1e3fe]
C  [KERNEL32.DLL+0x14034]
C  [ntdll.dll+0x73691]


---------------  P R O C E S S  ---------------

Threads class SMR info:
_java_thread_list=0x00007ff9996d5fe8, length=0, elements={
}

Java Threads: ( => current thread )

Other Threads:
  0x0000029a05e49000 GCTaskThread "GC Thread#0" [stack: 0x000000c641000000,0x000000c641100000] [id=11108]
  0x0000029a05e63800 ConcurrentGCThread "G1 Main Marker" [stack: 0x000000c641100000,0x000000c641200000] [id=5772]
  0x0000029a05e67000 ConcurrentGCThread "G1 Conc#0" [stack: 0x000000c641200000,0x000000c641300000] [id=10100]

[error occurred during error reporting (printing all threads), id 0xc0000005, EXCEPTION_ACCESS_VIOLATION (0xc0000005) at pc=0x00007ff998ebe237]

VM state:not at safepoint (not fully initialized)

VM Mutex/Monitor currently owned by a thread:  ([mutex/lock_event])
[0x0000029a05de5940] Heap_lock - owner thread: 0x0000029a05de8000

Heap address: 0x0000000701e00000, size: 4066 MB, Compressed Oops mode: Non-zero based: 0x0000000701e00000
Narrow klass base: 0x0000000000000000, Narrow klass shift: 0

GC Heap History (0 events):
No events

Deoptimization events (0 events):
No events

Classes redefined (0 events):
No events

Internal exceptions (0 events):
No events

Events (0 events):
No events


Dynamic libraries:
0x00007ff731fa0000 - 0x00007ff731fad000 	C:\Program Files\AdoptOpenJDK\jdk-12.0.1+12\bin\javaw.exe
0x00007ff9d0570000 - 0x00007ff9d0751000 	C:\WINDOWS\SYSTEM32\ntdll.dll
0x00007ff9cf440000 - 0x00007ff9cf4f1000 	C:\WINDOWS\System32\KERNEL32.DLL
0x00007ff9cd470000 - 0x00007ff9cd6e3000 	C:\WINDOWS\System32\KERNELBASE.dll
0x00007ff9cd880000 - 0x00007ff9cd978000 	C:\WINDOWS\System32\ucrtbase.dll
0x00007ff9c0510000 - 0x00007ff9c0527000 	C:\Program Files\AdoptOpenJDK\jdk-12.0.1+12\bin\jli.dll
0x00007ff9d0200000 - 0x00007ff9d0390000 	C:\WINDOWS\System32\USER32.dll
0x00007ff9cd9d0000 - 0x00007ff9cd9f0000 	C:\WINDOWS\System32\win32u.dll
0x00007ff9d0510000 - 0x00007ff9d0538000 	C:\WINDOWS\System32\GDI32.dll
0x00007ff9cc930000 - 0x00007ff9ccac1000 	C:\WINDOWS\System32\gdi32full.dll
0x00007ff9ccad0000 - 0x00007ff9ccb6f000 	C:\WINDOWS\System32\msvcp_win.dll
0x00007ff9c00d0000 - 0x00007ff9c00e6000 	C:\Program Files\AdoptOpenJDK\jdk-12.0.1+12\bin\VCRUNTIME140.dll
0x00007ff9b5050000 - 0x00007ff9b52b9000 	C:\WINDOWS\WinSxS\amd64_microsoft.windows.common-controls_6595b64144ccf1df_6.0.17134.1006_none_d3fbb8f77c940c3f\COMCTL32.dll
0x00007ff9cf590000 - 0x00007ff9cf62e000 	C:\WINDOWS\System32\msvcrt.dll
0x00007ff9cf6a0000 - 0x00007ff9cf9c1000 	C:\WINDOWS\System32\combase.dll
0x00007ff9cf1a0000 - 0x00007ff9cf2c4000 	C:\WINDOWS\System32\RPCRT4.dll
0x00007ff9cd6f0000 - 0x00007ff9cd769000 	C:\WINDOWS\System32\bcryptPrimitives.dll
0x00007ff9cf500000 - 0x00007ff9cf52d000 	C:\WINDOWS\System32\IMM32.DLL
0x00007ff9a52b0000 - 0x00007ff9a534b000 	C:\Program Files\AdoptOpenJDK\jdk-12.0.1+12\bin\msvcp140.dll
0x00007ff998bd0000 - 0x00007ff999778000 	C:\Program Files\AdoptOpenJDK\jdk-12.0.1+12\bin\server\jvm.dll
0x00007ff9cf0f0000 - 0x00007ff9cf191000 	C:\WINDOWS\System32\ADVAPI32.dll
0x00007ff9cefd0000 - 0x00007ff9cf02b000 	C:\WINDOWS\System32\sechost.dll
0x00007ff9cf2d0000 - 0x00007ff9cf2d8000 	C:\WINDOWS\System32\PSAPI.DLL
0x00007ff9c5e30000 - 0x00007ff9c5e39000 	C:\WINDOWS\SYSTEM32\WSOCK32.dll
0x00007ff9cf630000 - 0x00007ff9cf69c000 	C:\WINDOWS\System32\WS2_32.dll
0x00007ff9ca9e0000 - 0x00007ff9caa03000 	C:\WINDOWS\SYSTEM32\WINMM.dll
0x00007ff9c2150000 - 0x00007ff9c215a000 	C:\WINDOWS\SYSTEM32\VERSION.dll
0x00007ff9ca8c0000 - 0x00007ff9ca8ea000 	C:\WINDOWS\SYSTEM32\WINMMBASE.dll
0x00007ff9cd980000 - 0x00007ff9cd9c9000 	C:\WINDOWS\System32\cfgmgr32.dll
0x00007ff9cc8f0000 - 0x00007ff9cc901000 	C:\WINDOWS\System32\kernel.appcore.dll
0x00007ff9c81f0000 - 0x00007ff9c8200000 	C:\Program Files\AdoptOpenJDK\jdk-12.0.1+12\bin\verify.dll
0x00007ff9c5770000 - 0x00007ff9c5939000 	C:\WINDOWS\SYSTEM32\DBGHELP.DLL
0x00007ff9c56c0000 - 0x00007ff9c56e9000 	C:\WINDOWS\SYSTEM32\dbgcore.DLL
0x00007ff9c6c20000 - 0x00007ff9c6c46000 	C:\Program Files\AdoptOpenJDK\jdk-12.0.1+12\bin\java.dll
0x00007ff9c6b40000 - 0x00007ff9c6b57000 	C:\Program Files\AdoptOpenJDK\jdk-12.0.1+12\bin\zip.dll
0x00007ff9c7e20000 - 0x00007ff9c7e2a000 	C:\Program Files\AdoptOpenJDK\jdk-12.0.1+12\bin\jimage.dll

dbghelp: loaded successfully - version: 4.0.5 - missing functions: none
symbol engine: initialized successfully - sym options: 0x614 - pdb path: .;C:\Program Files\AdoptOpenJDK\jdk-12.0.1+12\bin;C:\WINDOWS\SYSTEM32;C:\WINDOWS\WinSxS\amd64_microsoft.windows.common-controls_6595b64144ccf1df_6.0.17134.1006_none_d3fbb8f77c940c3f;C:\Program Files\AdoptOpenJDK\jdk-12.0.1+12\bin\server

VM Arguments:
jvm_args: -Dfile.encoding=UTF-8 
java_command: PruebasMergeArrayList
java_class_path (initial): D:\DAM1\Repositorios\PrimeroDAM\TrimestrePrimero\PROGRAM\TrimestrePrimeroModular\bin
Launcher Type: SUN_STANDARD

[Global flags]
     intx CICompilerCount                          = 3                                         {product} {ergonomic}
     uint ConcGCThreads                            = 1                                         {product} {ergonomic}
     uint G1ConcRefinementThreads                  = 4                                         {product} {ergonomic}
   size_t G1HeapRegionSize                         = 1048576                                   {product} {ergonomic}
    uintx GCDrainStackTargetSize                   = 64                                        {product} {ergonomic}
   size_t InitialHeapSize                          = 268435456                                 {product} {ergonomic}
   size_t MarkStackSize                            = 4194304                                   {product} {ergonomic}
   size_t MaxHeapSize                              = 4263510016                                {product} {ergonomic}
   size_t MinHeapDeltaBytes                        = 1048576                                   {product} {ergonomic}
    uintx NonNMethodCodeHeapSize                   = 5830732                                {pd product} {ergonomic}
    uintx NonProfiledCodeHeapSize                  = 122913754                              {pd product} {ergonomic}
    uintx ProfiledCodeHeapSize                     = 122913754                              {pd product} {ergonomic}
    uintx ReservedCodeCacheSize                    = 251658240                              {pd product} {ergonomic}
     bool SegmentedCodeCache                       = true                                      {product} {ergonomic}
     bool UseCompressedClassPointers               = true                                 {lp64_product} {ergonomic}
     bool UseCompressedOops                        = true                                 {lp64_product} {ergonomic}
     bool UseG1GC                                  = true                                      {product} {ergonomic}
     bool UseLargePagesIndividualAllocation        = false                                  {pd product} {ergonomic}

Logging:
Log output configuration:
 #0: stdout all=warning uptime,level,tags
 #1: stderr all=off uptime,level,tags

Environment Variables:
JAVA_HOME=C:\Program Files\Java\jdk1.8.0_211
CLASSPATH=.;
PATH=C:/Program Files/AdoptOpenJDK/jdk-12.0.1+12/bin/server;C:/Program Files/AdoptOpenJDK/jdk-12.0.1+12/bin;C:\Python27\;C:\Python27\Scripts;C:\WINDOWS\system32;C:\WINDOWS;C:\WINDOWS\System32\Wbem;C:\WINDOWS\System32\WindowsPowerShell\v1.0\;C:\WINDOWS\System32\OpenSSH\;C:\ProgramData\chocolatey\bin;C:\Program Files\Git\cmd;C:\Program Files\AdoptOpenJDK\jdk-12.0.1+12\bin;C:\Program Files\Microsoft VS Code\bin;C:\Program Files\Java\jdk1.8.0_211\bin;C:\Program Files\Microsoft SQL Server\Client SDK\ODBC\110\Tools\Binn\;C:\Program Files (x86)\Microsoft SQL Server\120\Tools\Binn\;C:\Program Files\Microsoft SQL Server\120\Tools\Binn\;C:\Program Files\Microsoft SQL Server\120\DTS\Binn\;C:\Program Files (x86)\Microsoft SQL Server\120\Tools\Binn\ManagementStudio\;C:\Program Files (x86)\Microsoft SQL Server\120\DTS\Binn\;C:\Program Files (x86)\Brackets\command;C:\xampp\php;D:\Program Files\nodejs\;D:\Users\Alumno\AppData\Local\Microsoft\WindowsApps;D:\Users\Alumno\AppData\Local\GitHubDesktop\bin;D:\Users\Alumno\AppData\Roaming\npm;C:\WINDOWS\System32;
USERNAME=Alumno
OS=Windows_NT
PROCESSOR_IDENTIFIER=Intel64 Family 6 Model 158 Stepping 9, GenuineIntel



---------------  S Y S T E M  ---------------

OS: Windows 10 , 64 bit Build 17134 (10.0.17134.753)

CPU:total 4 (initial active 4) (4 cores per cpu, 1 threads per core) family 6 model 158 stepping 9, cmov, cx8, fxsr, mmx, sse, sse2, sse3, ssse3, sse4.1, sse4.2, popcnt, avx, avx2, aes, clmul, erms, rtm, 3dnowpref, lzcnt, tsc, tscinvbit, bmi1, bmi2, adx, fma

Memory: 4k page, system-wide physical 16263M (1634M free)
TotalPageFile size 31395M (AvailPageFile size 134M)
current process WorkingSet (physical memory assigned to process): 9M, peak: 9M
current process commit charge ("private bytes"): 52M, peak: 308M

vm_info: OpenJDK 64-Bit Server VM (12.0.1+12) for windows-amd64 JRE (12.0.1+12), built on Apr 25 2019 06:23:28 by "" with MS VC++ 15.8 (VS2017)

END.
